  core.c
  models.c
F:\Programming\C++\Meteors\raylib\src\external\par_shapes.h(273,1): warning C4244: 'initializing': conversion from 'double' to 'float', possible loss of data
F:\Programming\C++\Meteors\raylib\src\external\par_shapes.h(305,54): warning C4305: 'function': truncation from 'double' to 'float'
F:\Programming\C++\Meteors\raylib\src\external\par_shapes.h(335,43): warning C4305: 'function': truncation from 'double' to 'float'
F:\Programming\C++\Meteors\raylib\src\external\par_shapes.h(346,43): warning C4305: 'function': truncation from 'double' to 'float'
F:\Programming\C++\Meteors\raylib\src\external\par_shapes.h(534,1): warning C4244: 'initializing': conversion from 'double' to 'float', possible loss of data
F:\Programming\C++\Meteors\raylib\src\external\par_shapes.h(535,1): warning C4244: 'initializing': conversion from 'double' to 'float', possible loss of data
F:\Programming\C++\Meteors\raylib\src\external\par_shapes.h(543,1): warning C4244: 'initializing': conversion from 'double' to 'float', possible loss of data
F:\Programming\C++\Meteors\raylib\src\external\par_shapes.h(544,1): warning C4244: 'initializing': conversion from 'double' to 'float', possible loss of data
F:\Programming\C++\Meteors\raylib\src\external\par_shapes.h(568,28): warning C4244: 'function': conversion from 'double' to 'float', possible loss of data
F:\Programming\C++\Meteors\raylib\src\external\par_shapes.h(559,1): warning C4244: 'initializing': conversion from 'double' to 'float', possible loss of data
F:\Programming\C++\Meteors\raylib\src\external\par_shapes.h(560,1): warning C4244: 'initializing': conversion from 'double' to 'float', possible loss of data
F:\Programming\C++\Meteors\raylib\src\external\par_shapes.h(576,1): warning C4244: 'initializing': conversion from 'double' to 'float', possible loss of data
F:\Programming\C++\Meteors\raylib\src\external\par_shapes.h(586,1): warning C4244: 'initializing': conversion from 'double' to 'float', possible loss of data
F:\Programming\C++\Meteors\raylib\src\external\par_shapes.h(587,1): warning C4244: 'initializing': conversion from 'double' to 'float', possible loss of data
F:\Programming\C++\Meteors\raylib\src\external\par_shapes.h(609,78): warning C4244: '=': conversion from 'double' to 'float', possible loss of data
F:\Programming\C++\Meteors\raylib\src\external\par_shapes.h(611,78): warning C4244: '=': conversion from 'double' to 'float', possible loss of data
F:\Programming\C++\Meteors\raylib\src\external\par_shapes.h(612,36): warning C4244: '=': conversion from 'double' to 'float', possible loss of data
F:\Programming\C++\Meteors\raylib\src\external\par_shapes.h(618,56): warning C4244: '=': conversion from 'double' to 'float', possible loss of data
F:\Programming\C++\Meteors\raylib\src\external\par_shapes.h(619,56): warning C4244: '=': conversion from 'double' to 'float', possible loss of data
F:\Programming\C++\Meteors\raylib\src\external\par_shapes.h(620,36): warning C4244: '=': conversion from 'double' to 'float', possible loss of data
F:\Programming\C++\Meteors\raylib\src\external\par_shapes.h(601,1): warning C4244: 'initializing': conversion from 'double' to 'const float', possible loss of data
F:\Programming\C++\Meteors\raylib\src\external\par_shapes.h(602,1): warning C4244: 'initializing': conversion from 'double' to 'const float', possible loss of data
F:\Programming\C++\Meteors\raylib\src\external\par_shapes.h(603,1): warning C4244: 'initializing': conversion from 'double' to 'const float', possible loss of data
F:\Programming\C++\Meteors\raylib\src\external\par_shapes.h(604,1): warning C4244: 'initializing': conversion from 'double' to 'const float', possible loss of data
F:\Programming\C++\Meteors\raylib\src\external\par_shapes.h(605,1): warning C4244: 'initializing': conversion from 'double' to 'const float', possible loss of data
F:\Programming\C++\Meteors\raylib\src\external\par_shapes.h(606,1): warning C4244: 'initializing': conversion from 'double' to 'const float', possible loss of data
F:\Programming\C++\Meteors\raylib\src\external\par_shapes.h(670,40): warning C4244: '=': conversion from 'double' to 'float', possible loss of data
F:\Programming\C++\Meteors\raylib\src\external\par_shapes.h(671,40): warning C4244: '=': conversion from 'double' to 'float', possible loss of data
F:\Programming\C++\Meteors\raylib\src\external\par_shapes.h(695,45): warning C4244: 'function': conversion from 'double' to 'float', possible loss of data
F:\Programming\C++\Meteors\raylib\src\external\par_shapes.h(669,1): warning C4244: 'initializing': conversion from 'double' to 'float', possible loss of data
F:\Programming\C++\Meteors\raylib\src\external\par_shapes.h(805,1): warning C4305: 'initializing': truncation from 'double' to 'float'
F:\Programming\C++\Meteors\raylib\src\external\par_shapes.h(853,1): warning C4305: 'initializing': truncation from 'double' to 'float'
F:\Programming\C++\Meteors\raylib\src\external\par_shapes.h(953,1): warning C4305: 'initializing': truncation from 'double' to 'float'
F:\Programming\C++\Meteors\raylib\src\external\par_shapes.h(1284,35): warning C4244: '=': conversion from 'double' to 'float', possible loss of data
F:\Programming\C++\Meteors\raylib\src\external\par_shapes.h(1286,65): warning C4244: 'function': conversion from 'double' to 'float', possible loss of data
F:\Programming\C++\Meteors\raylib\src\external\par_shapes.h(1288,65): warning C4244: 'function': conversion from 'double' to 'float', possible loss of data
F:\Programming\C++\Meteors\raylib\src\external\par_shapes.h(1290,65): warning C4244: 'function': conversion from 'double' to 'float', possible loss of data
F:\Programming\C++\Meteors\raylib\src\external\par_shapes.h(1447,38): warning C4305: 'function': truncation from 'double' to 'float'
F:\Programming\C++\Meteors\raylib\src\external\par_shapes.h(1464,27): warning C4244: '*=': conversion from 'double' to 'float', possible loss of data
F:\Programming\C++\Meteors\raylib\src\external\par_shapes.h(1465,23): warning C4244: '*=': conversion from 'double' to 'float', possible loss of data
F:\Programming\C++\Meteors\raylib\src\external\par_shapes.h(1466,27): warning C4244: '*=': conversion from 'double' to 'float', possible loss of data
F:\Programming\C++\Meteors\raylib\src\external\par_shapes.h(1468,42): warning C4244: '=': conversion from 'double' to 'float', possible loss of data
F:\Programming\C++\Meteors\raylib\src\external\par_shapes.h(1748,43): warning C4244: 'function': conversion from 'double' to 'float', possible loss of data
F:\Programming\C++\Meteors\raylib\src\external\par_shapes.h(1748,59): warning C4244: 'function': conversion from 'double' to 'float', possible loss of data
F:\Programming\C++\Meteors\raylib\src\external\par_shapes.h(1748,75): warning C4244: 'function': conversion from 'double' to 'float', possible loss of data
F:\Programming\C++\Meteors\raylib\src\external\par_shapes.h(1717,1): warning C4244: 'initializing': conversion from 'int' to 'float', possible loss of data
  raudio.c
F:\Programming\C++\Meteors\raylib\src\external\jar_xm.h(130,80): warning C4244: '=': conversion from 'float' to 'short', possible loss of data
F:\Programming\C++\Meteors\raylib\src\external\jar_xm.h(143,78): warning C4244: '=': conversion from 'float' to 'char', possible loss of data
F:\Programming\C++\Meteors\raylib\src\external\jar_xm.h(242,1): warning C4005: 'DEBUG': macro redefinition
F:\Programming\C++\Meteors\raylib\src\raudio.c : message : see previous definition of 'DEBUG'
F:\Programming\C++\Meteors\raylib\src\external\jar_xm.h(1238,64): warning C4244: '=': conversion from 'uint16_t' to 'uint8_t', possible loss of data
F:\Programming\C++\Meteors\raylib\src\external\jar_xm.h(1254,1): warning C4244: 'initializing': conversion from 'float' to 'unsigned int', possible loss of data
F:\Programming\C++\Meteors\raylib\src\external\jar_xm.h(1256,1): warning C4244: 'initializing': conversion from 'float' to 'int8_t', possible loss of data
F:\Programming\C++\Meteors\raylib\src\external\jar_xm.h(1417,55): warning C4244: '=': conversion from 'uint32_t' to 'float', possible loss of data
F:\Programming\C++\Meteors\raylib\src\external\jar_xm.h(1424,65): warning C4244: '=': conversion from 'uint32_t' to 'float', possible loss of data
F:\Programming\C++\Meteors\raylib\src\external\jar_xm.h(1426,55): warning C4244: '=': conversion from 'uint32_t' to 'float', possible loss of data
F:\Programming\C++\Meteors\raylib\src\external\jar_xm.h(1437,55): warning C4244: '=': conversion from 'uint32_t' to 'float', possible loss of data
F:\Programming\C++\Meteors\raylib\src\external\jar_xm.h(1464,70): warning C4244: 'function': conversion from 'int' to 'float', possible loss of data
F:\Programming\C++\Meteors\raylib\src\external\jar_xm.h(1824,65): warning C4244: 'function': conversion from 'int' to 'float', possible loss of data
F:\Programming\C++\Meteors\raylib\src\external\jar_xm.h(1933,110): warning C4244: '=': conversion from 'double' to 'float', possible loss of data
F:\Programming\C++\Meteors\raylib\src\external\jar_xm.h(1990,36): warning C4244: '=': conversion from 'float' to 'uint32_t', possible loss of data
F:\Programming\C++\Meteors\raylib\src\external\jar_xm.h(2029,57): warning C4244: '=': conversion from 'uint32_t' to 'float', possible loss of data
F:\Programming\C++\Meteors\raylib\src\external\jar_xm.h(2162,48): warning C4244: '+=': conversion from 'float' to 'uint64_t', possible loss of data
F:\Programming\C++\Meteors\raylib\src\external\jar_xm.h(2321,1): warning C4244: 'initializing': conversion from 'double' to 'int', possible loss of data
  rglfw.c
  shapes.c
  text.c
  textures.c
  utils.c
  Generating Code...
     Creating library ..\bin\Debug.DLL\raylib.lib and object ..\bin\Debug.DLL\raylib.exp
  raylib.vcxproj -> F:\Programming\C++\Meteors\bin\Debug.DLL\raylib.dll
